0 info it worked if it ends with ok
1 verbose cli [ 'C:\\Program Files\\nodejs\\node.exe',
1 verbose cli   'C:\\Program Files\\nodejs\\node_modules\\npm\\bin\\npm-cli.js',
1 verbose cli   'version',
1 verbose cli   'patch' ]
2 info using npm@3.10.10
3 info using node@v6.12.0
4 info git [ 'status', '--porcelain' ]
5 verbose stack Error: Git working directory not clean.
5 verbose stack M README.md
5 verbose stack M webapp/controller/AppList.controller.js
5 verbose stack M webapp/i18n/i18n.properties
5 verbose stack M webapp/i18n/i18n_en.properties
5 verbose stack M webapp/view/ReverseProxyChange.fragment.xml
5 verbose stack     at C:\Program Files\nodejs\node_modules\npm\lib\version.js:247:19
5 verbose stack     at C:\Program Files\nodejs\node_modules\npm\lib\utils\no-progress-while-running.js:21:8
5 verbose stack     at ChildProcess.exithandler (child_process.js:189:7)
5 verbose stack     at emitTwo (events.js:106:13)
5 verbose stack     at ChildProcess.emit (events.js:191:7)
5 verbose stack     at maybeClose (internal/child_process.js:920:16)
5 verbose stack     at Socket.<anonymous> (internal/child_process.js:351:11)
5 verbose stack     at emitOne (events.js:96:13)
5 verbose stack     at Socket.emit (events.js:188:7)
5 verbose stack     at Pipe._handle.close [as _onclose] (net.js:497:12)
6 verbose cwd C:\Users\peter\Dropbox\Work\ui5flow\GitHub\UI5FlowDev
7 error Windows_NT 10.0.16299
8 error argv "C:\\Program Files\\nodejs\\node.exe" "C:\\Program Files\\nodejs\\node_modules\\npm\\bin\\npm-cli.js" "version" "patch"
9 error node v6.12.0
10 error npm  v3.10.10
11 error Git working directory not clean.
11 error M README.md
11 error M webapp/controller/AppList.controller.js
11 error M webapp/i18n/i18n.properties
11 error M webapp/i18n/i18n_en.properties
11 error M webapp/view/ReverseProxyChange.fragment.xml
12 error If you need help, you may report this error at:
12 error     <https://github.com/npm/npm/issues>
13 verbose exit [ 1, true ]
